UGTS_KC_K_Kij_T_Grove_3_9_2_COMPLETE_ALL_FILES/tmp/gsp4_seed_camera_profile2_android_20260830/app/build/intermediates/manifest_merge_blame_file/gsp4SeedPocoX7ProDebug/processGsp4SeedPocoX7ProDebugMainManifest/manifest-merger-blame-gsp4SeedPocoX7Pro-debug-report.txt
1<?xml version="1.0" encoding="utf-8"?>
2<manifest xmlns:android="http://schemas.android.com/apk/res/android"
3    package="org.ugts.games.my_mobile_3d_game.gsp4seed.pocox7pro"
4    android:versionCode="392"
5    android:versionName="3.9.2-gsp4-seed-poco-x7-pro" >
6
7    <uses-sdk
8        android:minSdkVersion="26"
9        android:targetSdkVersion="36" />
10
11    <uses-permission android:name="android.permission.CAMERA" />
11-->src\gsp4SeedPocoX7Pro\AndroidManifest.xml:3:5-65
11-->src\gsp4SeedPocoX7Pro\AndroidManifest.xml:3:22-62
12
13    <uses-feature
13-->src\gsp4SeedPocoX7Pro\AndroidManifest.xml:4:5-88
14        android:name="android.hardware.camera.any"
14-->src\gsp4SeedPocoX7Pro\AndroidManifest.xml:4:19-61
15        android:required="true" />
15-->src\gsp4SeedPocoX7Pro\AndroidManifest.xml:4:62-85
16    <uses-feature
16-->src\gsp4SeedPocoX7Pro\AndroidManifest.xml:5:5-96
17        android:name="android.hardware.camera.level.full"
17-->src\gsp4SeedPocoX7Pro\AndroidManifest.xml:5:19-68
18        android:required="false" />
18-->src\gsp4SeedPocoX7Pro\AndroidManifest.xml:5:69-93
19    <uses-feature
19-->src\gsp4SeedPocoX7Pro\AndroidManifest.xml:6:5-92
20        android:name="android.hardware.vulkan.compute"
20-->src\gsp4SeedPocoX7Pro\AndroidManifest.xml:6:19-65
21        android:required="true" />
21-->src\gsp4SeedPocoX7Pro\AndroidManifest.xml:6:66-89
22    <uses-feature
22-->src\main\AndroidManifest.xml:3:5-78
23        android:glEsVersion="0x00030000"
23-->src\main\AndroidManifest.xml:3:19-51
24        android:required="true" />
24-->src\main\AndroidManifest.xml:3:52-75
25    <uses-feature
25-->src\main\AndroidManifest.xml:4:5-90
26        android:name="android.hardware.touchscreen"
26-->src\main\AndroidManifest.xml:4:19-62
27        android:required="false" />
27-->src\main\AndroidManifest.xml:4:63-87
28    <uses-feature
28-->src\main\AndroidManifest.xml:5:5-86
29        android:name="android.hardware.gamepad"
29-->src\main\AndroidManifest.xml:5:19-58
30        android:required="false" />
30-->src\main\AndroidManifest.xml:5:59-83
31    <uses-feature
31-->src\main\AndroidManifest.xml:6:5-91
32        android:name="android.hardware.vulkan.level"
32-->src\main\AndroidManifest.xml:6:19-63
33        android:required="false" />
33-->src\main\AndroidManifest.xml:6:64-88
34    <uses-feature
34-->src\main\AndroidManifest.xml:7:5-93
35        android:name="android.hardware.vulkan.version"
35-->src\main\AndroidManifest.xml:7:19-65
36        android:required="false" />
36-->src\main\AndroidManifest.xml:7:66-90
37
38    <application
38-->src\main\AndroidManifest.xml:9:5-30:19
39        android:allowBackup="true"
39-->src\main\AndroidManifest.xml:10:9-35
40        android:debuggable="true"
41        android:extractNativeLibs="false"
42        android:fullBackupContent="false"
42-->src\main\AndroidManifest.xml:11:9-42
43        android:hasCode="true"
43-->src\main\AndroidManifest.xml:12:9-31
44        android:label="@string/app_name"
44-->src\main\AndroidManifest.xml:13:9-41
45        android:theme="@style/AppTheme" >
45-->src\main\AndroidManifest.xml:14:9-40
46        <activity
46-->src\main\AndroidManifest.xml:15:9-29:20
47            android:name="org.ugts.runtime.UgtsNativeActivity"
47-->src\main\AndroidManifest.xml:16:13-63
48            android:configChanges="orientation|keyboardHidden|screenSize|smallestScreenSize|screenLayout|uiMode|density"
48-->src\main\AndroidManifest.xml:17:13-121
49            android:exported="true"
49-->src\main\AndroidManifest.xml:18:13-36
50            android:launchMode="singleTask"
50-->src\main\AndroidManifest.xml:19:13-44
51            android:resizeableActivity="true"
51-->src\main\AndroidManifest.xml:20:13-46
52            android:screenOrientation="sensorLandscape" >
52-->src\main\AndroidManifest.xml:21:13-56
53            <meta-data
53-->src\main\AndroidManifest.xml:22:13-24:50
54                android:name="android.app.lib_name"
54-->src\main\AndroidManifest.xml:23:17-52
55                android:value="ugts_kc_native" />
55-->src\main\AndroidManifest.xml:24:17-47
56
57            <intent-filter>
57-->src\main\AndroidManifest.xml:25:13-28:29
58                <action android:name="android.intent.action.MAIN" />
58-->src\main\AndroidManifest.xml:26:17-69
58-->src\main\AndroidManifest.xml:26:25-66
59
60                <category android:name="android.intent.category.LAUNCHER" />
60-->src\main\AndroidManifest.xml:27:17-77
60-->src\main\AndroidManifest.xml:27:27-74
61            </intent-filter>
62        </activity>
63    </application>
64
65</manifest>